<?xml version="1.0" encoding="UTF-8"?>
<testsuite xmlns:xsi="http://www.w3.org/2001/XMLSchema-instance" xsi:noNamespaceSchemaLocation="https://maven.apache.org/surefire/maven-surefire-plugin/xsd/surefire-test-report.xsd" version="3.0.2" name="org.acme.GreetingResourceTest" time="5.466" tests="1" errors="0" skipped="0" failures="1">
  <properties>
[...]
</properties>
  <testcase name="testHelloEndpoint" classname="org.acme.GreetingResourceTest" time="1.122">
    <failure message="1 expectation failed.&#10;Expected status code &lt;200&gt; but was &lt;500&gt;.&#10;" type="java.lang.AssertionError"><![CDATA[java.lang.AssertionError: 
1 expectation failed.
Expected status code <200> but was <500>.

	at java.base/jdk.internal.reflect.DirectConstructorHandleAccessor.newInstance(DirectConstructorHandleAccessor.java:62)
	at java.base/java.lang.reflect.Constructor.newInstanceWithCaller(Constructor.java:502)
	at java.base/java.lang.reflect.Constructor.newInstance(Constructor.java:486)
	at org.codehaus.groovy.reflection.CachedConstructor.invoke(CachedConstructor.java:73)
	at org.codehaus.groovy.runtime.callsite.ConstructorSite$ConstructorSiteNoUnwrapNoCoerce.callConstructor(ConstructorSite.java:108)
	at org.codehaus.groovy.runtime.callsite.CallSiteArray.defaultCallConstructor(CallSiteArray.java:57)
	at org.codehaus.groovy.runtime.callsite.AbstractCallSite.callConstructor(AbstractCallSite.java:263)
	at org.codehaus.groovy.runtime.callsite.AbstractCallSite.callConstructor(AbstractCallSite.java:277)
	at io.restassured.internal.ResponseSpecificationImpl$HamcrestAssertionClosure.validate(ResponseSpecificationImpl.groovy:512)
	at io.restassured.internal.ResponseSpecificationImpl$HamcrestAssertionClosure$validate$1.call(Unknown Source)
	at org.codehaus.groovy.runtime.callsite.CallSiteArray.defaultCall(CallSiteArray.java:45)
	at org.codehaus.groovy.runtime.callsite.AbstractCallSite.call(AbstractCallSite.java:125)
	at org.codehaus.groovy.runtime.callsite.AbstractCallSite.call(AbstractCallSite.java:139)
	at io.restassured.internal.ResponseSpecificationImpl.validateResponseIfRequired(ResponseSpecificationImpl.groovy:696)
	at io.restassured.internal.ResponseSpecificationImpl.this$2$validateResponseIfRequired(ResponseSpecificationImpl.groovy)
	at java.base/jdk.internal.reflect.DirectMethodHandleAccessor.invoke(DirectMethodHandleAccessor.java:103)
	at java.base/java.lang.reflect.Method.invoke(Method.java:580)
	at org.codehaus.groovy.runtime.callsite.PlainObjectMetaMethodSite.doInvoke(PlainObjectMetaMethodSite.java:43)
	at org.codehaus.groovy.runtime.callsite.PogoMetaMethodSite$PogoCachedMethodSiteNoUnwrapNoCoerce.invoke(PogoMetaMethodSite.java:198)
	at org.codehaus.groovy.runtime.callsite.PogoMetaMethodSite.callCurrent(PogoMetaMethodSite.java:62)
	at org.codehaus.groovy.runtime.callsite.CallSiteArray.defaultCallCurrent(CallSiteArray.java:49)
	at org.codehaus.groovy.runtime.callsite.AbstractCallSite.callCurrent(AbstractCallSite.java:171)
	at org.codehaus.groovy.runtime.callsite.AbstractCallSite.callCurrent(AbstractCallSite.java:185)
	at io.restassured.internal.ResponseSpecificationImpl.statusCode(ResponseSpecificationImpl.groovy:135)
	at io.restassured.specification.ResponseSpecification$statusCode$0.callCurrent(Unknown Source)
	at org.codehaus.groovy.runtime.callsite.CallSiteArray.defaultCallCurrent(CallSiteArray.java:49)
	at org.codehaus.groovy.runtime.callsite.AbstractCallSite.callCurrent(AbstractCallSite.java:171)
	at org.codehaus.groovy.runtime.callsite.AbstractCallSite.callCurrent(AbstractCallSite.java:185)
	at io.restassured.internal.ResponseSpecificationImpl.statusCode(ResponseSpecificationImpl.groovy:143)
	at io.restassured.internal.ValidatableResponseOptionsImpl.statusCode(ValidatableResponseOptionsImpl.java:89)
	at org.acme.GreetingResourceTest.testHelloEndpoint(GreetingResourceTest.java:16)
	at java.base/java.lang.reflect.Method.invoke(Method.java:580)
	at io.quarkus.test.junit.QuarkusTestExtension.runExtensionMethod(QuarkusTestExtension.java:960)
	at io.quarkus.test.junit.QuarkusTestExtension.interceptTestMethod(QuarkusTestExtension.java:810)
	at java.base/java.util.ArrayList.forEach(ArrayList.java:1596)
	at java.base/java.util.ArrayList.forEach(ArrayList.java:1596)
	Suppressed: java.lang.RuntimeException: java.lang.UnsupportedOperationException: Operation not supported when using a lightweight session
		at org.drools.core.common.ActivationsManager.handleException(ActivationsManager.java:87)
		at org.drools.core.phreak.RuleExecutor.fireActivationEvent(RuleExecutor.java:445)
		at org.drools.core.phreak.RuleExecutor.fireActivation(RuleExecutor.java:416)
		at org.drools.core.phreak.RuleExecutor.fire(RuleExecutor.java:155)
		at org.drools.core.phreak.RuleExecutor.evaluateNetworkAndFire(RuleExecutor.java:92)
		at org.drools.core.concurrent.AbstractGroupEvaluator.evaluateAndFire(AbstractGroupEvaluator.java:48)
		at org.drools.core.impl.ActivationsManagerImpl.fireLoop(ActivationsManagerImpl.java:309)
		at org.drools.core.impl.ActivationsManagerImpl.fireAllRules(ActivationsManagerImpl.java:285)
		at org.drools.ruleunits.impl.sessions.RuleUnitExecutorImpl.fireAllRules(RuleUnitExecutorImpl.java:286)
		at org.drools.ruleunits.impl.sessions.RuleUnitExecutorImpl.fireAllRules(RuleUnitExecutorImpl.java:269)
		at org.drools.ruleunits.impl.ReteEvaluatorBasedRuleUnitInstance.fire(ReteEvaluatorBasedRuleUnitInstance.java:48)
		at org.acme.GreetingResource.hello(GreetingResource.java:29)
		at org.acme.GreetingResource$quarkusrestinvoker$hello_e747664148511e1e5212d3e0f4b40d45c56ab8a1.invoke(Unknown Source)
		at org.jboss.resteasy.reactive.server.handlers.InvocationHandler.handle(InvocationHandler.java:29)
		at io.quarkus.resteasy.reactive.server.runtime.QuarkusResteasyReactiveRequestContext.invokeHandler(QuarkusResteasyReactiveRequestContext.java:141)
		at org.jboss.resteasy.reactive.common.core.AbstractResteasyReactiveContext.run(AbstractResteasyReactiveContext.java:147)
		at io.quarkus.vertx.core.runtime.VertxCoreRecorder$15.runWith(VertxCoreRecorder.java:638)
		at org.jboss.threads.EnhancedQueueExecutor$Task.doRunWith(EnhancedQueueExecutor.java:2675)
		at org.jboss.threads.EnhancedQueueExecutor$Task.run(EnhancedQueueExecutor.java:2654)
		at org.jboss.threads.EnhancedQueueExecutor.runThreadBody(EnhancedQueueExecutor.java:1627)
		at org.jboss.threads.EnhancedQueueExecutor$ThreadBody.run(EnhancedQueueExecutor.java:1594)
		at org.jboss.threads.DelegatingRunnable.run(DelegatingRunnable.java:11)
		at org.jboss.threads.ThreadLocalResettingRunnable.run(ThreadLocalResettingRunnable.java:11)
		at io.netty.util.concurrent.FastThreadLocalRunnable.run(FastThreadLocalRunnable.java:30)
		at java.base/java.lang.Thread.run(Thread.java:1583)
	Caused by: java.lang.UnsupportedOperationException: Operation not supported when using a lightweight session
		at org.drools.kiesession.consequence.DefaultKnowledgeHelper.toStatefulKnowledgeSession(DefaultKnowledgeHelper.java:310)
		at org.drools.kiesession.consequence.DefaultKnowledgeHelper.getKnowledgeRuntime(DefaultKnowledgeHelper.java:299)
		at org.drools.kiesession.consequence.DefaultKnowledgeHelper.getKieRuntime(DefaultKnowledgeHelper.java:406)
		at org.drools.ruleunits.impl.sessions.RuleUnitExecutorImpl$RuleUnitKnowledgeHelper.getKieRuntime(RuleUnitExecutorImpl.java:505)
		at org.acme.PAE.LambdaConsequenceAE1DB1ED4A1D9A473EB42EEB1DE12BCA.execute(LambdaConsequenceAE1DB1ED4A1D9A473EB42EEB1DE12BCA.java:26)
		at org.acme.PAE.LambdaConsequenceAE1DB1ED4A1D9A473EB42EEB1DE12BCA.execute(LambdaConsequenceAE1DB1ED4A1D9A473EB42EEB1DE12BCA.java:9)
		at org.drools.model.functions.Block4$Impl.execute(Block4.java:41)
		at org.drools.modelcompiler.consequence.LambdaConsequence.evaluate(LambdaConsequence.java:79)
		at org.drools.modelcompiler.consequence.LambdaConsequence.evaluate(LambdaConsequence.java:37)
		at org.drools.core.phreak.RuleExecutor.fireActivationEvent(RuleExecutor.java:438)
		... 23 more
]]></failure>
    <system-out><![CDATA[2025-06-03 23:00:04,338 INFO  [io.quarkus] (main) code-with-quarkus-insert 1.0.0-SNAPSHOT on JVM (powered by Quarkus 3.19.2) started in 3.784s. Listening on: http://localhost:8081
2025-06-03 23:00:04,340 INFO  [io.quarkus] (main) Profile test activated. 
2025-06-03 23:00:04,340 INFO  [io.quarkus] (main) Installed features: [cdi, drools, rest, smallrye-context-propagation, vertx]
2025-06-03 23:00:05,412 ERROR [io.qua.ver.htt.run.QuarkusErrorHandler] (executor-thread-1) HTTP Request to /hello failed, error id: be4dd2a9-1544-4159-ab05-fe35e9d43d4a-1: java.lang.RuntimeException: java.lang.UnsupportedOperationException: Operation not supported when using a lightweight session
	at org.drools.core.common.ActivationsManager.handleException(ActivationsManager.java:87)
	at org.drools.core.phreak.RuleExecutor.fireActivationEvent(RuleExecutor.java:445)
	at org.drools.core.phreak.RuleExecutor.fireActivation(RuleExecutor.java:416)
	at org.drools.core.phreak.RuleExecutor.fire(RuleExecutor.java:155)
	at org.drools.core.phreak.RuleExecutor.evaluateNetworkAndFire(RuleExecutor.java:92)
	at org.drools.core.concurrent.AbstractGroupEvaluator.evaluateAndFire(AbstractGroupEvaluator.java:48)
	at org.drools.core.impl.ActivationsManagerImpl.fireLoop(ActivationsManagerImpl.java:309)
	at org.drools.core.impl.ActivationsManagerImpl.fireAllRules(ActivationsManagerImpl.java:285)
	at org.drools.ruleunits.impl.sessions.RuleUnitExecutorImpl.fireAllRules(RuleUnitExecutorImpl.java:286)
	at org.drools.ruleunits.impl.sessions.RuleUnitExecutorImpl.fireAllRules(RuleUnitExecutorImpl.java:269)
	at org.drools.ruleunits.impl.ReteEvaluatorBasedRuleUnitInstance.fire(ReteEvaluatorBasedRuleUnitInstance.java:48)
	at org.acme.GreetingResource.hello(GreetingResource.java:29)
	at org.acme.GreetingResource$quarkusrestinvoker$hello_e747664148511e1e5212d3e0f4b40d45c56ab8a1.invoke(Unknown Source)
	at org.jboss.resteasy.reactive.server.handlers.InvocationHandler.handle(InvocationHandler.java:29)
	at io.quarkus.resteasy.reactive.server.runtime.QuarkusResteasyReactiveRequestContext.invokeHandler(QuarkusResteasyReactiveRequestContext.java:141)
	at org.jboss.resteasy.reactive.common.core.AbstractResteasyReactiveContext.run(AbstractResteasyReactiveContext.java:147)
	at io.quarkus.vertx.core.runtime.VertxCoreRecorder$15.runWith(VertxCoreRecorder.java:638)
	at org.jboss.threads.EnhancedQueueExecutor$Task.doRunWith(EnhancedQueueExecutor.java:2675)
	at org.jboss.threads.EnhancedQueueExecutor$Task.run(EnhancedQueueExecutor.java:2654)
	at org.jboss.threads.EnhancedQueueExecutor.runThreadBody(EnhancedQueueExecutor.java:1627)
	at org.jboss.threads.EnhancedQueueExecutor$ThreadBody.run(EnhancedQueueExecutor.java:1594)
	at org.jboss.threads.DelegatingRunnable.run(DelegatingRunnable.java:11)
	at org.jboss.threads.ThreadLocalResettingRunnable.run(ThreadLocalResettingRunnable.java:11)
	at io.netty.util.concurrent.FastThreadLocalRunnable.run(FastThreadLocalRunnable.java:30)
	at java.base/java.lang.Thread.run(Thread.java:1583)
Caused by: java.lang.UnsupportedOperationException: Operation not supported when using a lightweight session
	at org.drools.kiesession.consequence.DefaultKnowledgeHelper.toStatefulKnowledgeSession(DefaultKnowledgeHelper.java:310)
	at org.drools.kiesession.consequence.DefaultKnowledgeHelper.getKnowledgeRuntime(DefaultKnowledgeHelper.java:299)
	at org.drools.kiesession.consequence.DefaultKnowledgeHelper.getKieRuntime(DefaultKnowledgeHelper.java:406)
	at org.drools.ruleunits.impl.sessions.RuleUnitExecutorImpl$RuleUnitKnowledgeHelper.getKieRuntime(RuleUnitExecutorImpl.java:505)
	at org.acme.PAE.LambdaConsequenceAE1DB1ED4A1D9A473EB42EEB1DE12BCA.execute(LambdaConsequenceAE1DB1ED4A1D9A473EB42EEB1DE12BCA.java:26)
	at org.acme.PAE.LambdaConsequenceAE1DB1ED4A1D9A473EB42EEB1DE12BCA.execute(LambdaConsequenceAE1DB1ED4A1D9A473EB42EEB1DE12BCA.java:9)
	at org.drools.model.functions.Block4$Impl.execute(Block4.java:41)
	at org.drools.modelcompiler.consequence.LambdaConsequence.evaluate(LambdaConsequence.java:79)
	at org.drools.modelcompiler.consequence.LambdaConsequence.evaluate(LambdaConsequence.java:37)
	at org.drools.core.phreak.RuleExecutor.fireActivationEvent(RuleExecutor.java:438)
	... 23 more

]]></system-out>
  </testcase>
</testsuite>